To honour the JVM settings for this build a single-use Daemon process will be forked. For more on this, please refer to https://docs.gradle.org/8.13/userguide/gradle_daemon.html#sec:disabling_the_daemon in the Gradle documentation.
Daemon will be stopped at the end of the build 
> Task :app:preBuild UP-TO-DATE
> Task :app:preDebugBuild UP-TO-DATE
> Task :app:mergeDebugNativeDebugMetadata NO-SOURCE
> Task :app:checkKotlinGradlePluginConfigurationErrors
> Task :app:dataBindingMergeDependencyArtifactsDebug UP-TO-DATE
> Task :app:generateDebugResValues UP-TO-DATE
> Task :app:generateDebugResources
> Task :app:packageDebugResources
> Task :app:processDebugNavigationResources
> Task :app:checkDebugAarMetadata UP-TO-DATE
> Task :app:compileDebugNavigationResources UP-TO-DATE
> Task :app:mapDebugSourceSetPaths
> Task :app:createDebugCompatibleScreenManifests UP-TO-DATE
> Task :app:extractDeepLinksDebug UP-TO-DATE
> Task :app:mergeDebugResources
> Task :app:processDebugMainManifest UP-TO-DATE
> Task :app:processDebugManifest UP-TO-DATE
> Task :app:processDebugManifestForPackage UP-TO-DATE
> Task :app:javaPreCompileDebug UP-TO-DATE
> Task :app:mergeDebugShaders UP-TO-DATE
> Task :app:compileDebugShaders NO-SOURCE
> Task :app:generateDebugAssets UP-TO-DATE
> Task :app:mergeDebugAssets UP-TO-DATE
> Task :app:compressDebugAssets UP-TO-DATE
> Task :app:checkDebugDuplicateClasses UP-TO-DATE
> Task :app:desugarDebugFileDependencies UP-TO-DATE
> Task :app:mergeExtDexDebug UP-TO-DATE
> Task :app:mergeLibDexDebug UP-TO-DATE
> Task :app:mergeDebugJniLibFolders UP-TO-DATE
> Task :app:mergeDebugNativeLibs NO-SOURCE
> Task :app:stripDebugDebugSymbols NO-SOURCE
> Task :app:parseDebugLocalResources
> Task :app:validateSigningDebug UP-TO-DATE
> Task :app:dataBindingGenBaseClassesDebug
> Task :app:writeDebugAppMetadata UP-TO-DATE
> Task :app:writeDebugSigningConfigVersions UP-TO-DATE
> Task :app:processDebugResources

> Task :app:compileDebugKotlin
w: file:///C:/Users/Kyle%20Angeles/Desktop/updated/Capstone-master%20-%20Copy/app/src/main/java/com/example/capstone2/adapter/TrackAdapter.kt:155:102 No cast needed
w: file:///C:/Users/Kyle%20Angeles/Desktop/updated/Capstone-master%20-%20Copy/app/src/main/java/com/example/capstone2/adapter/TrackAdapter.kt:160:65 Parameter 'group' is never used, could be renamed to _
w: file:///C:/Users/Kyle%20Angeles/Desktop/updated/Capstone-master%20-%20Copy/app/src/main/java/com/example/capstone2/customer/ContactDetailsFragment.kt:56:21 Name shadowed: activity
e: file:///C:/Users/Kyle%20Angeles/Desktop/updated/Capstone-master%20-%20Copy/app/src/main/java/com/example/capstone2/repository/UserRepository.kt:30:17 Unresolved reference. None of the following candidates is applicable because of receiver type mismatch: 
public operator fun <T, R> DeepRecursiveFunction<TypeVariable(T), TypeVariable(R)>.invoke(value: TypeVariable(T)): TypeVariable(R) defined in kotlin

> Task :app:compileDebugKotlin FAILED

FAILURE: Build failed with an exception.

* What went wrong:
Execution failed for task ':app:compileDebugKotlin'.
> A failure occurred while executing org.jetbrains.kotlin.compilerRunner.GradleCompilerRunnerWithWorkers$GradleKotlinCompilerWorkAction
   > Compilation error. See log for more details

* Try:
> Run with --stacktrace option to get the stack trace.
> Run with --info or --debug option to get more log output.
> Run with --scan to get full insights.
> Get more help at https://help.gradle.org.

BUILD FAILED in 46s
31 actionable tasks: 10 executed, 21 up-to-date
